[1.118s] DEBUG:colcon:Command line arguments: ['/usr/bin/colcon', 'build', '--symlink-install']
[1.119s] DEBUG:colcon:Parsed command line arguments: Namespace(log_base=None, log_level=None, verb_name='build', build_base='build', install_base='install', merge_install=False, symlink_install=True, test_result_base=None, continue_on_error=False, executor='parallel', parallel_workers=16, event_handlers=None, ignore_user_meta=False, metas=['./colcon.meta'], base_paths=['.'], packages_ignore=None, packages_ignore_regex=None, paths=None, packages_up_to=None, packages_up_to_regex=None, packages_above=None, packages_above_and_dependencies=None, packages_above_depth=None, packages_select_by_dep=None, packages_skip_by_dep=None, packages_skip_up_to=None, packages_select_build_failed=False, packages_skip_build_finished=False, packages_select_test_failures=False, packages_skip_test_passed=False, packages_select=None, packages_skip=None, packages_select_regex=None, packages_skip_regex=None, packages_start=None, packages_end=None, allow_overriding=[], cmake_args=None, cmake_target=None, cmake_target_skip_unavailable=False, cmake_clean_cache=False, cmake_clean_first=False, cmake_force_configure=False, ament_cmake_args=None, catkin_cmake_args=None, catkin_skip_building_tests=False, verb_parser=<colcon_defaults.argument_parser.defaults.DefaultArgumentsDecorator object at 0x7f6317946650>, verb_extension=<colcon_core.verb.build.BuildVerb object at 0x7f6317dab790>, main=<bound method BuildVerb.main of <colcon_core.verb.build.BuildVerb object at 0x7f6317dab790>>)
[1.186s] Level 1:colcon.colcon_core.package_discovery:discover_packages(colcon_meta) check parameters
[1.186s] Level 1:colcon.colcon_core.package_discovery:discover_packages(recursive) check parameters
[1.187s] Level 1:colcon.colcon_core.package_discovery:discover_packages(ignore) check parameters
[1.187s] Level 1:colcon.colcon_core.package_discovery:discover_packages(path) check parameters
[1.187s] Level 1:colcon.colcon_core.package_discovery:discover_packages(colcon_meta) discover
[1.187s] Level 1:colcon.colcon_core.package_discovery:discover_packages(recursive) discover
[1.188s] INFO:colcon.colcon_core.package_discovery:Crawling recursively for packages in '/mnt/c/Users/Alana/Documents/PS_Nautilus/ROS2A'
[1.190s] Level 1:colcon.colcon_core.package_identification:_identify(.) by extensions ['ignore', 'ignore_ament_install']
[1.190s] Level 1:colcon.colcon_core.package_identification:_identify(.) by extension 'ignore'
[1.191s] Level 1:colcon.colcon_core.package_identification:_identify(.) by extension 'ignore_ament_install'
[1.192s] Level 1:colcon.colcon_core.package_identification:_identify(.) by extensions ['colcon_pkg']
[1.192s] Level 1:colcon.colcon_core.package_identification:_identify(.) by extension 'colcon_pkg'
[1.193s] Level 1:colcon.colcon_core.package_identification:_identify(.) by extensions ['colcon_meta']
[1.193s] Level 1:colcon.colcon_core.package_identification:_identify(.) by extension 'colcon_meta'
[1.194s] Level 1:colcon.colcon_core.package_identification:_identify(.) by extensions ['ros']
[1.194s] Level 1:colcon.colcon_core.package_identification:_identify(.) by extension 'ros'
[1.209s] Level 1:colcon.colcon_core.package_identification:_identify(.) by extensions ['cmake', 'python']
[1.210s] Level 1:colcon.colcon_core.package_identification:_identify(.) by extension 'cmake'
[1.210s] Level 1:colcon.colcon_core.package_identification:_identify(.) by extension 'python'
[1.211s] Level 1:colcon.colcon_core.package_identification:_identify(.) by extensions ['python_setup_py']
[1.211s] Level 1:colcon.colcon_core.package_identification:_identify(.) by extension 'python_setup_py'
[1.215s] Level 1:colcon.colcon_core.package_identification:_identify(build) by extensions ['ignore', 'ignore_ament_install']
[1.215s] Level 1:colcon.colcon_core.package_identification:_identify(build) by extension 'ignore'
[1.216s] Level 1:colcon.colcon_core.package_identification:_identify(build) ignored
[1.220s] Level 1:colcon.colcon_core.package_identification:_identify(install) by extensions ['ignore', 'ignore_ament_install']
[1.220s] Level 1:colcon.colcon_core.package_identification:_identify(install) by extension 'ignore'
[1.222s] Level 1:colcon.colcon_core.package_identification:_identify(install) ignored
[1.228s] Level 1:colcon.colcon_core.package_identification:_identify(log) by extensions ['ignore', 'ignore_ament_install']
[1.228s] Level 1:colcon.colcon_core.package_identification:_identify(log) by extension 'ignore'
[1.229s] Level 1:colcon.colcon_core.package_identification:_identify(log) ignored
[1.231s] Level 1:colcon.colcon_core.package_identification:_identify(src) by extensions ['ignore', 'ignore_ament_install']
[1.232s] Level 1:colcon.colcon_core.package_identification:_identify(src) by extension 'ignore'
[1.232s] Level 1:colcon.colcon_core.package_identification:_identify(src) by extension 'ignore_ament_install'
[1.233s] Level 1:colcon.colcon_core.package_identification:_identify(src) by extensions ['colcon_pkg']
[1.233s] Level 1:colcon.colcon_core.package_identification:_identify(src) by extension 'colcon_pkg'
[1.233s] Level 1:colcon.colcon_core.package_identification:_identify(src) by extensions ['colcon_meta']
[1.234s] Level 1:colcon.colcon_core.package_identification:_identify(src) by extension 'colcon_meta'
[1.234s] Level 1:colcon.colcon_core.package_identification:_identify(src) by extensions ['ros']
[1.235s] Level 1:colcon.colcon_core.package_identification:_identify(src) by extension 'ros'
[1.236s] Level 1:colcon.colcon_core.package_identification:_identify(src) by extensions ['cmake', 'python']
[1.236s] Level 1:colcon.colcon_core.package_identification:_identify(src) by extension 'cmake'
[1.237s] Level 1:colcon.colcon_core.package_identification:_identify(src) by extension 'python'
[1.237s] Level 1:colcon.colcon_core.package_identification:_identify(src) by extensions ['python_setup_py']
[1.237s] Level 1:colcon.colcon_core.package_identification:_identify(src) by extension 'python_setup_py'
[1.240s] Level 1:colcon.colcon_core.package_identification:_identify(src/sistema) by extensions ['ignore', 'ignore_ament_install']
[1.241s] Level 1:colcon.colcon_core.package_identification:_identify(src/sistema) by extension 'ignore'
[1.241s] Level 1:colcon.colcon_core.package_identification:_identify(src/sistema) by extension 'ignore_ament_install'
[1.242s] Level 1:colcon.colcon_core.package_identification:_identify(src/sistema) by extensions ['colcon_pkg']
[1.242s] Level 1:colcon.colcon_core.package_identification:_identify(src/sistema) by extension 'colcon_pkg'
[1.243s] Level 1:colcon.colcon_core.package_identification:_identify(src/sistema) by extensions ['colcon_meta']
[1.243s] Level 1:colcon.colcon_core.package_identification:_identify(src/sistema) by extension 'colcon_meta'
[1.244s] Level 1:colcon.colcon_core.package_identification:_identify(src/sistema) by extensions ['ros']
[1.244s] Level 1:colcon.colcon_core.package_identification:_identify(src/sistema) by extension 'ros'
[1.253s] DEBUG:colcon.colcon_core.package_identification:Package 'src/sistema' with type 'ros.ament_python' and name 'sistema'
[1.253s] Level 1:colcon.colcon_core.package_discovery:discover_packages(recursive) using defaults
[1.253s] Level 1:colcon.colcon_core.package_discovery:discover_packages(ignore) discover
[1.254s] Level 1:colcon.colcon_core.package_discovery:discover_packages(ignore) using defaults
[1.254s] Level 1:colcon.colcon_core.package_discovery:discover_packages(path) discover
[1.254s] Level 1:colcon.colcon_core.package_discovery:discover_packages(path) using defaults
[1.330s] Level 1:colcon.colcon_core.package_discovery:discover_packages(prefix_path) check parameters
[1.330s] Level 1:colcon.colcon_core.package_discovery:discover_packages(prefix_path) discover
[1.355s] DEBUG:colcon.colcon_installed_package_information.package_discovery:Found 281 installed packages in /opt/ros/iron
[1.356s] Level 1:colcon.colcon_core.package_discovery:discover_packages(prefix_path) using defaults
[1.428s] Level 5:colcon.colcon_core.verb:set package 'sistema' build argument 'cmake_args' from command line to 'None'
[1.429s] Level 5:colcon.colcon_core.verb:set package 'sistema' build argument 'cmake_target' from command line to 'None'
[1.429s] Level 5:colcon.colcon_core.verb:set package 'sistema' build argument 'cmake_target_skip_unavailable' from command line to 'False'
[1.429s] Level 5:colcon.colcon_core.verb:set package 'sistema' build argument 'cmake_clean_cache' from command line to 'False'
[1.430s] Level 5:colcon.colcon_core.verb:set package 'sistema' build argument 'cmake_clean_first' from command line to 'False'
[1.430s] Level 5:colcon.colcon_core.verb:set package 'sistema' build argument 'cmake_force_configure' from command line to 'False'
[1.431s] Level 5:colcon.colcon_core.verb:set package 'sistema' build argument 'ament_cmake_args' from command line to 'None'
[1.431s] Level 5:colcon.colcon_core.verb:set package 'sistema' build argument 'catkin_cmake_args' from command line to 'None'
[1.431s] Level 5:colcon.colcon_core.verb:set package 'sistema' build argument 'catkin_skip_building_tests' from command line to 'False'
[1.431s] DEBUG:colcon.colcon_core.verb:Building package 'sistema' with the following arguments: {'ament_cmake_args': None, 'build_base': '/mnt/c/Users/Alana/Documents/PS_Nautilus/ROS2A/build/sistema', 'catkin_cmake_args': None, 'catkin_skip_building_tests': False, 'cmake_args': None, 'cmake_clean_cache': False, 'cmake_clean_first': False, 'cmake_force_configure': False, 'cmake_target': None, 'cmake_target_skip_unavailable': False, 'install_base': '/mnt/c/Users/Alana/Documents/PS_Nautilus/ROS2A/install/sistema', 'merge_install': False, 'path': '/mnt/c/Users/Alana/Documents/PS_Nautilus/ROS2A/src/sistema', 'symlink_install': True, 'test_result_base': None}
[1.442s] INFO:colcon.colcon_core.executor:Executing jobs using 'parallel' executor
[1.454s] DEBUG:colcon.colcon_parallel_executor.executor.parallel:run_until_complete
[1.455s] INFO:colcon.colcon_ros.task.ament_python.build:Building ROS package in '/mnt/c/Users/Alana/Documents/PS_Nautilus/ROS2A/src/sistema' with build type 'ament_python'
[1.455s] Level 1:colcon.colcon_core.shell:create_environment_hook('sistema', 'ament_prefix_path')
[1.479s] INFO:colcon.colcon_core.plugin_system:Skipping extension 'colcon_core.shell.bat': Not used on non-Windows systems
[1.479s] INFO:colcon.colcon_core.shell:Creating environment hook '/mnt/c/Users/Alana/Documents/PS_Nautilus/ROS2A/install/sistema/share/sistema/hook/ament_prefix_path.ps1'
[1.496s] INFO:colcon.colcon_core.shell:Creating environment descriptor '/mnt/c/Users/Alana/Documents/PS_Nautilus/ROS2A/install/sistema/share/sistema/hook/ament_prefix_path.dsv'
[1.513s] INFO:colcon.colcon_core.shell:Creating environment hook '/mnt/c/Users/Alana/Documents/PS_Nautilus/ROS2A/install/sistema/share/sistema/hook/ament_prefix_path.sh'
[1.547s] INFO:colcon.colcon_core.shell:Skip shell extension 'powershell' for command environment: Not usable outside of PowerShell
[1.547s] DEBUG:colcon.colcon_core.shell:Skip shell extension 'dsv' for command environment
[1.887s] INFO:colcon.colcon_core.task.python.build:Building Python package in '/mnt/c/Users/Alana/Documents/PS_Nautilus/ROS2A/src/sistema'
[1.899s] INFO:colcon.colcon_core.shell:Skip shell extension 'powershell' for command environment: Not usable outside of PowerShell
[1.900s] DEBUG:colcon.colcon_core.shell:Skip shell extension 'dsv' for command environment
[3.315s] DEBUG:colcon.colcon_core.event_handler.log_command:Invoking command in '/mnt/c/Users/Alana/Documents/PS_Nautilus/ROS2A/build/sistema': PYTHONPATH=/mnt/c/Users/Alana/Documents/PS_Nautilus/ROS2A/build/sistema/prefix_override:/mnt/c/Users/Alana/Documents/PS_Nautilus/ROS2A/install/sistema/lib/python3.10/site-packages:${PYTHONPATH} /usr/bin/python3 setup.py develop --editable --build-directory /mnt/c/Users/Alana/Documents/PS_Nautilus/ROS2A/build/sistema/build --no-deps install_data
[4.922s] Level 1:colcon.colcon_core.shell:create_environment_hook('sistema', 'pythonpath_develop')
[4.925s] DEBUG:colcon.colcon_core.event_handler.log_command:Invoked command in '/mnt/c/Users/Alana/Documents/PS_Nautilus/ROS2A/build/sistema' returned '0': PYTHONPATH=/mnt/c/Users/Alana/Documents/PS_Nautilus/ROS2A/build/sistema/prefix_override:/mnt/c/Users/Alana/Documents/PS_Nautilus/ROS2A/install/sistema/lib/python3.10/site-packages:${PYTHONPATH} /usr/bin/python3 setup.py develop --editable --build-directory /mnt/c/Users/Alana/Documents/PS_Nautilus/ROS2A/build/sistema/build --no-deps install_data
[4.937s] INFO:colcon.colcon_core.shell:Creating environment hook '/mnt/c/Users/Alana/Documents/PS_Nautilus/ROS2A/build/sistema/share/sistema/hook/pythonpath_develop.ps1'
[4.954s] INFO:colcon.colcon_core.shell:Creating environment descriptor '/mnt/c/Users/Alana/Documents/PS_Nautilus/ROS2A/build/sistema/share/sistema/hook/pythonpath_develop.dsv'
[4.971s] INFO:colcon.colcon_core.shell:Creating environment hook '/mnt/c/Users/Alana/Documents/PS_Nautilus/ROS2A/build/sistema/share/sistema/hook/pythonpath_develop.sh'
[5.005s] Level 1:colcon.colcon_core.environment:checking '/mnt/c/Users/Alana/Documents/PS_Nautilus/ROS2A/install/sistema' for CMake module files
[5.064s] Level 1:colcon.colcon_core.environment:checking '/mnt/c/Users/Alana/Documents/PS_Nautilus/ROS2A/install/sistema' for CMake config files
[5.170s] Level 1:colcon.colcon_core.environment:checking '/mnt/c/Users/Alana/Documents/PS_Nautilus/ROS2A/install/sistema/lib'
[5.175s] Level 1:colcon.colcon_core.environment:checking '/mnt/c/Users/Alana/Documents/PS_Nautilus/ROS2A/install/sistema/bin'
[5.176s] Level 1:colcon.colcon_core.environment:checking '/mnt/c/Users/Alana/Documents/PS_Nautilus/ROS2A/install/sistema/lib/pkgconfig/sistema.pc'
[5.178s] Level 1:colcon.colcon_core.environment:checking '/mnt/c/Users/Alana/Documents/PS_Nautilus/ROS2A/install/sistema/lib/python3.10/site-packages'
[5.182s] Level 1:colcon.colcon_core.shell:create_environment_hook('sistema', 'pythonpath')
[5.196s] INFO:colcon.colcon_core.shell:Creating environment hook '/mnt/c/Users/Alana/Documents/PS_Nautilus/ROS2A/install/sistema/share/sistema/hook/pythonpath.ps1'
[5.213s] INFO:colcon.colcon_core.shell:Creating environment descriptor '/mnt/c/Users/Alana/Documents/PS_Nautilus/ROS2A/install/sistema/share/sistema/hook/pythonpath.dsv'
[5.228s] INFO:colcon.colcon_core.shell:Creating environment hook '/mnt/c/Users/Alana/Documents/PS_Nautilus/ROS2A/install/sistema/share/sistema/hook/pythonpath.sh'
[5.244s] Level 1:colcon.colcon_core.environment:checking '/mnt/c/Users/Alana/Documents/PS_Nautilus/ROS2A/install/sistema/bin'
[5.245s] Level 1:colcon.colcon_core.environment:create_environment_scripts_only(sistema)
[5.257s] INFO:colcon.colcon_core.shell:Creating package script '/mnt/c/Users/Alana/Documents/PS_Nautilus/ROS2A/install/sistema/share/sistema/package.ps1'
[5.272s] INFO:colcon.colcon_core.shell:Creating package descriptor '/mnt/c/Users/Alana/Documents/PS_Nautilus/ROS2A/install/sistema/share/sistema/package.dsv'
[5.286s] INFO:colcon.colcon_core.shell:Creating package script '/mnt/c/Users/Alana/Documents/PS_Nautilus/ROS2A/install/sistema/share/sistema/package.sh'
[5.302s] INFO:colcon.colcon_core.shell:Creating package script '/mnt/c/Users/Alana/Documents/PS_Nautilus/ROS2A/install/sistema/share/sistema/package.bash'
[5.317s] INFO:colcon.colcon_core.shell:Creating package script '/mnt/c/Users/Alana/Documents/PS_Nautilus/ROS2A/install/sistema/share/sistema/package.zsh'
[5.332s] Level 1:colcon.colcon_core.environment:create_file_with_runtime_dependencies(/mnt/c/Users/Alana/Documents/PS_Nautilus/ROS2A/install/sistema/share/colcon-core/packages/sistema)
[5.342s] DEBUG:colcon.colcon_parallel_executor.executor.parallel:closing loop
[5.343s] DEBUG:colcon.colcon_parallel_executor.executor.parallel:loop closed
[5.343s] DEBUG:colcon.colcon_parallel_executor.executor.parallel:run_until_complete finished with '0'
[5.344s] DEBUG:colcon.colcon_core.event_reactor:joining thread
[5.396s] INFO:colcon.colcon_core.plugin_system:Skipping extension 'colcon_notification.desktop_notification.notify_send': Could not find 'notify-send'
[5.396s] INFO:colcon.colcon_core.plugin_system:Skipping extension 'colcon_notification.desktop_notification.terminal_notifier': Not used on non-Darwin systems
[5.396s] INFO:colcon.colcon_core.plugin_system:Skipping extension 'colcon_notification.desktop_notification.win32': Not used on non-Windows systems
[5.397s] INFO:colcon.colcon_notification.desktop_notification:Sending desktop notification using 'notify2'
[5.397s] DEBUG:colcon.colcon_notification.desktop_notification.notify2:Failed to initialize notify2: org.freedesktop.DBus.Error.FileNotFound: Failed to connect to socket /run/user/1000/bus: No such file or directory
[5.398s] DEBUG:colcon.colcon_core.event_reactor:joined thread
[5.410s] INFO:colcon.colcon_core.shell:Creating prefix script '/mnt/c/Users/Alana/Documents/PS_Nautilus/ROS2A/install/local_setup.ps1'
[5.417s] INFO:colcon.colcon_core.shell:Creating prefix util module '/mnt/c/Users/Alana/Documents/PS_Nautilus/ROS2A/install/_local_setup_util_ps1.py'
[5.425s] INFO:colcon.colcon_core.shell:Creating prefix chain script '/mnt/c/Users/Alana/Documents/PS_Nautilus/ROS2A/install/setup.ps1'
[5.443s] INFO:colcon.colcon_core.shell:Creating prefix script '/mnt/c/Users/Alana/Documents/PS_Nautilus/ROS2A/install/local_setup.sh'
[5.450s] INFO:colcon.colcon_core.shell:Creating prefix util module '/mnt/c/Users/Alana/Documents/PS_Nautilus/ROS2A/install/_local_setup_util_sh.py'
[5.457s] INFO:colcon.colcon_core.shell:Creating prefix chain script '/mnt/c/Users/Alana/Documents/PS_Nautilus/ROS2A/install/setup.sh'
[5.476s] INFO:colcon.colcon_core.shell:Creating prefix script '/mnt/c/Users/Alana/Documents/PS_Nautilus/ROS2A/install/local_setup.bash'
[5.483s] INFO:colcon.colcon_core.shell:Creating prefix chain script '/mnt/c/Users/Alana/Documents/PS_Nautilus/ROS2A/install/setup.bash'
[5.502s] INFO:colcon.colcon_core.shell:Creating prefix script '/mnt/c/Users/Alana/Documents/PS_Nautilus/ROS2A/install/local_setup.zsh'
[5.508s] INFO:colcon.colcon_core.shell:Creating prefix chain script '/mnt/c/Users/Alana/Documents/PS_Nautilus/ROS2A/install/setup.zsh'
