[1.856s] Invoking command in '/mnt/c/Users/Alana/Documents/PS_Nautilus/ROS2A/build/sistema': PYTHONPATH=/mnt/c/Users/Alana/Documents/PS_Nautilus/ROS2A/build/sistema/prefix_override:/mnt/c/Users/Alana/Documents/PS_Nautilus/ROS2A/install/sistema/lib/python3.10/site-packages:${PYTHONPATH} /usr/bin/python3 setup.py develop --editable --build-directory /mnt/c/Users/Alana/Documents/PS_Nautilus/ROS2A/build/sistema/build --no-deps install_data
[2.739s] running develop
[2.741s] /usr/lib/python3/dist-packages/setuptools/command/easy_install.py:158: EasyInstallDeprecationWarning: easy_install command is deprecated. Use build and pip and other standards-based tools.
[2.742s]   warnings.warn(
[2.743s] /usr/lib/python3/dist-packages/setuptools/command/install.py:34: SetuptoolsDeprecationWarning: setup.py install is deprecated. Use build and pip and other standards-based tools.
[2.745s]   warnings.warn(
[3.129s] running egg_info
[3.131s] writing sistema.egg-info/PKG-INFO
[3.137s] writing dependency_links to sistema.egg-info/dependency_links.txt
[3.142s] writing entry points to sistema.egg-info/entry_points.txt
[3.146s] writing requirements to sistema.egg-info/requires.txt
[3.150s] writing top-level names to sistema.egg-info/top_level.txt
[3.213s] reading manifest file 'sistema.egg-info/SOURCES.txt'
[3.301s] writing manifest file 'sistema.egg-info/SOURCES.txt'
[3.314s] running build_ext
[3.315s] Creating /mnt/c/Users/Alana/Documents/PS_Nautilus/ROS2A/install/sistema/lib/python3.10/site-packages/sistema.egg-link (link to .)
[3.342s] 
[3.343s] Installed /mnt/c/Users/Alana/Documents/PS_Nautilus/ROS2A/build/sistema
[3.346s] running install_data
[3.466s] Invoked command in '/mnt/c/Users/Alana/Documents/PS_Nautilus/ROS2A/build/sistema' returned '0': PYTHONPATH=/mnt/c/Users/Alana/Documents/PS_Nautilus/ROS2A/build/sistema/prefix_override:/mnt/c/Users/Alana/Documents/PS_Nautilus/ROS2A/install/sistema/lib/python3.10/site-packages:${PYTHONPATH} /usr/bin/python3 setup.py develop --editable --build-directory /mnt/c/Users/Alana/Documents/PS_Nautilus/ROS2A/build/sistema/build --no-deps install_data
