[1.771s] DEBUG:colcon:Command line arguments: ['/usr/bin/colcon', 'build', '--symlink-install']
[1.771s] DEBUG:colcon:Parsed command line arguments: Namespace(log_base=None, log_level=None, verb_name='build', build_base='build', install_base='install', merge_install=False, symlink_install=True, test_result_base=None, continue_on_error=False, executor='parallel', parallel_workers=16, event_handlers=None, ignore_user_meta=False, metas=['./colcon.meta'], base_paths=['.'], packages_ignore=None, packages_ignore_regex=None, paths=None, packages_up_to=None, packages_up_to_regex=None, packages_above=None, packages_above_and_dependencies=None, packages_above_depth=None, packages_select_by_dep=None, packages_skip_by_dep=None, packages_skip_up_to=None, packages_select_build_failed=False, packages_skip_build_finished=False, packages_select_test_failures=False, packages_skip_test_passed=False, packages_select=None, packages_skip=None, packages_select_regex=None, packages_skip_regex=None, packages_start=None, packages_end=None, allow_overriding=[], cmake_args=None, cmake_target=None, cmake_target_skip_unavailable=False, cmake_clean_cache=False, cmake_clean_first=False, cmake_force_configure=False, ament_cmake_args=None, catkin_cmake_args=None, catkin_skip_building_tests=False, verb_parser=<colcon_defaults.argument_parser.defaults.DefaultArgumentsDecorator object at 0x7fbaaab97880>, verb_extension=<colcon_core.verb.build.BuildVerb object at 0x7fbaaaff36a0>, main=<bound method BuildVerb.main of <colcon_core.verb.build.BuildVerb object at 0x7fbaaaff36a0>>)
[1.892s] Level 1:colcon.colcon_core.package_discovery:discover_packages(colcon_meta) check parameters
[1.893s] Level 1:colcon.colcon_core.package_discovery:discover_packages(recursive) check parameters
[1.893s] Level 1:colcon.colcon_core.package_discovery:discover_packages(ignore) check parameters
[1.893s] Level 1:colcon.colcon_core.package_discovery:discover_packages(path) check parameters
[1.894s] Level 1:colcon.colcon_core.package_discovery:discover_packages(colcon_meta) discover
[1.894s] Level 1:colcon.colcon_core.package_discovery:discover_packages(recursive) discover
[1.895s] INFO:colcon.colcon_core.package_discovery:Crawling recursively for packages in '/mnt/c/Users/Alana/Documents/PS_Nautilus/ROS2A'
[1.897s] Level 1:colcon.colcon_core.package_identification:_identify(.) by extensions ['ignore', 'ignore_ament_install']
[1.898s] Level 1:colcon.colcon_core.package_identification:_identify(.) by extension 'ignore'
[1.898s] Level 1:colcon.colcon_core.package_identification:_identify(.) by extension 'ignore_ament_install'
[1.899s] Level 1:colcon.colcon_core.package_identification:_identify(.) by extensions ['colcon_pkg']
[1.899s] Level 1:colcon.colcon_core.package_identification:_identify(.) by extension 'colcon_pkg'
[1.899s] Level 1:colcon.colcon_core.package_identification:_identify(.) by extensions ['colcon_meta']
[1.900s] Level 1:colcon.colcon_core.package_identification:_identify(.) by extension 'colcon_meta'
[1.900s] Level 1:colcon.colcon_core.package_identification:_identify(.) by extensions ['ros']
[1.900s] Level 1:colcon.colcon_core.package_identification:_identify(.) by extension 'ros'
[1.919s] Level 1:colcon.colcon_core.package_identification:_identify(.) by extensions ['cmake', 'python']
[1.920s] Level 1:colcon.colcon_core.package_identification:_identify(.) by extension 'cmake'
[1.920s] Level 1:colcon.colcon_core.package_identification:_identify(.) by extension 'python'
[1.921s] Level 1:colcon.colcon_core.package_identification:_identify(.) by extensions ['python_setup_py']
[1.921s] Level 1:colcon.colcon_core.package_identification:_identify(.) by extension 'python_setup_py'
[1.925s] Level 1:colcon.colcon_core.package_identification:_identify(build) by extensions ['ignore', 'ignore_ament_install']
[1.925s] Level 1:colcon.colcon_core.package_identification:_identify(build) by extension 'ignore'
[1.926s] Level 1:colcon.colcon_core.package_identification:_identify(build) ignored
[1.930s] Level 1:colcon.colcon_core.package_identification:_identify(install) by extensions ['ignore', 'ignore_ament_install']
[1.930s] Level 1:colcon.colcon_core.package_identification:_identify(install) by extension 'ignore'
[1.931s] Level 1:colcon.colcon_core.package_identification:_identify(install) ignored
[1.937s] Level 1:colcon.colcon_core.package_identification:_identify(log) by extensions ['ignore', 'ignore_ament_install']
[1.938s] Level 1:colcon.colcon_core.package_identification:_identify(log) by extension 'ignore'
[1.939s] Level 1:colcon.colcon_core.package_identification:_identify(log) ignored
[1.944s] Level 1:colcon.colcon_core.package_identification:_identify(src) by extensions ['ignore', 'ignore_ament_install']
[1.944s] Level 1:colcon.colcon_core.package_identification:_identify(src) by extension 'ignore'
[1.945s] Level 1:colcon.colcon_core.package_identification:_identify(src) by extension 'ignore_ament_install'
[1.947s] Level 1:colcon.colcon_core.package_identification:_identify(src) by extensions ['colcon_pkg']
[1.947s] Level 1:colcon.colcon_core.package_identification:_identify(src) by extension 'colcon_pkg'
[1.948s] Level 1:colcon.colcon_core.package_identification:_identify(src) by extensions ['colcon_meta']
[1.949s] Level 1:colcon.colcon_core.package_identification:_identify(src) by extension 'colcon_meta'
[1.949s] Level 1:colcon.colcon_core.package_identification:_identify(src) by extensions ['ros']
[1.950s] Level 1:colcon.colcon_core.package_identification:_identify(src) by extension 'ros'
[1.954s] Level 1:colcon.colcon_core.package_identification:_identify(src) by extensions ['cmake', 'python']
[1.955s] Level 1:colcon.colcon_core.package_identification:_identify(src) by extension 'cmake'
[1.956s] Level 1:colcon.colcon_core.package_identification:_identify(src) by extension 'python'
[1.957s] Level 1:colcon.colcon_core.package_identification:_identify(src) by extensions ['python_setup_py']
[1.957s] Level 1:colcon.colcon_core.package_identification:_identify(src) by extension 'python_setup_py'
[1.963s] Level 1:colcon.colcon_core.package_identification:_identify(src/sistema) by extensions ['ignore', 'ignore_ament_install']
[1.963s] Level 1:colcon.colcon_core.package_identification:_identify(src/sistema) by extension 'ignore'
[1.965s] Level 1:colcon.colcon_core.package_identification:_identify(src/sistema) by extension 'ignore_ament_install'
[1.968s] Level 1:colcon.colcon_core.package_identification:_identify(src/sistema) by extensions ['colcon_pkg']
[1.968s] Level 1:colcon.colcon_core.package_identification:_identify(src/sistema) by extension 'colcon_pkg'
[1.970s] Level 1:colcon.colcon_core.package_identification:_identify(src/sistema) by extensions ['colcon_meta']
[1.970s] Level 1:colcon.colcon_core.package_identification:_identify(src/sistema) by extension 'colcon_meta'
[1.973s] Level 1:colcon.colcon_core.package_identification:_identify(src/sistema) by extensions ['ros']
[1.973s] Level 1:colcon.colcon_core.package_identification:_identify(src/sistema) by extension 'ros'
[1.993s] DEBUG:colcon.colcon_core.package_identification:Package 'src/sistema' with type 'ros.ament_python' and name 'sistema'
[1.993s] Level 1:colcon.colcon_core.package_discovery:discover_packages(recursive) using defaults
[1.994s] Level 1:colcon.colcon_core.package_discovery:discover_packages(ignore) discover
[1.994s] Level 1:colcon.colcon_core.package_discovery:discover_packages(ignore) using defaults
[1.994s] Level 1:colcon.colcon_core.package_discovery:discover_packages(path) discover
[1.995s] Level 1:colcon.colcon_core.package_discovery:discover_packages(path) using defaults
[2.222s] Level 1:colcon.colcon_core.package_discovery:discover_packages(prefix_path) check parameters
[2.223s] Level 1:colcon.colcon_core.package_discovery:discover_packages(prefix_path) discover
[2.335s] DEBUG:colcon.colcon_installed_package_information.package_discovery:Found 1 installed packages in /mnt/c/Users/Alana/Documents/PS_Nautilus/ROS2A/install
[2.356s] DEBUG:colcon.colcon_installed_package_information.package_discovery:Found 281 installed packages in /opt/ros/iron
[2.358s] Level 1:colcon.colcon_core.package_discovery:discover_packages(prefix_path) using defaults
[2.470s] Level 5:colcon.colcon_core.verb:set package 'sistema' build argument 'cmake_args' from command line to 'None'
[2.471s] Level 5:colcon.colcon_core.verb:set package 'sistema' build argument 'cmake_target' from command line to 'None'
[2.471s] Level 5:colcon.colcon_core.verb:set package 'sistema' build argument 'cmake_target_skip_unavailable' from command line to 'False'
[2.472s] Level 5:colcon.colcon_core.verb:set package 'sistema' build argument 'cmake_clean_cache' from command line to 'False'
[2.472s] Level 5:colcon.colcon_core.verb:set package 'sistema' build argument 'cmake_clean_first' from command line to 'False'
[2.472s] Level 5:colcon.colcon_core.verb:set package 'sistema' build argument 'cmake_force_configure' from command line to 'False'
[2.473s] Level 5:colcon.colcon_core.verb:set package 'sistema' build argument 'ament_cmake_args' from command line to 'None'
[2.473s] Level 5:colcon.colcon_core.verb:set package 'sistema' build argument 'catkin_cmake_args' from command line to 'None'
[2.473s] Level 5:colcon.colcon_core.verb:set package 'sistema' build argument 'catkin_skip_building_tests' from command line to 'False'
[2.474s] DEBUG:colcon.colcon_core.verb:Building package 'sistema' with the following arguments: {'ament_cmake_args': None, 'build_base': '/mnt/c/Users/Alana/Documents/PS_Nautilus/ROS2A/build/sistema', 'catkin_cmake_args': None, 'catkin_skip_building_tests': False, 'cmake_args': None, 'cmake_clean_cache': False, 'cmake_clean_first': False, 'cmake_force_configure': False, 'cmake_target': None, 'cmake_target_skip_unavailable': False, 'install_base': '/mnt/c/Users/Alana/Documents/PS_Nautilus/ROS2A/install/sistema', 'merge_install': False, 'path': '/mnt/c/Users/Alana/Documents/PS_Nautilus/ROS2A/src/sistema', 'symlink_install': True, 'test_result_base': None}
[2.494s] INFO:colcon.colcon_core.executor:Executing jobs using 'parallel' executor
[2.520s] DEBUG:colcon.colcon_parallel_executor.executor.parallel:run_until_complete
[2.520s] INFO:colcon.colcon_ros.task.ament_python.build:Building ROS package in '/mnt/c/Users/Alana/Documents/PS_Nautilus/ROS2A/src/sistema' with build type 'ament_python'
[2.521s] Level 1:colcon.colcon_core.shell:create_environment_hook('sistema', 'ament_prefix_path')
[2.556s] INFO:colcon.colcon_core.plugin_system:Skipping extension 'colcon_core.shell.bat': Not used on non-Windows systems
[2.557s] INFO:colcon.colcon_core.shell:Creating environment hook '/mnt/c/Users/Alana/Documents/PS_Nautilus/ROS2A/install/sistema/share/sistema/hook/ament_prefix_path.ps1'
[2.576s] INFO:colcon.colcon_core.shell:Creating environment descriptor '/mnt/c/Users/Alana/Documents/PS_Nautilus/ROS2A/install/sistema/share/sistema/hook/ament_prefix_path.dsv'
[2.594s] INFO:colcon.colcon_core.shell:Creating environment hook '/mnt/c/Users/Alana/Documents/PS_Nautilus/ROS2A/install/sistema/share/sistema/hook/ament_prefix_path.sh'
[2.636s] INFO:colcon.colcon_core.shell:Skip shell extension 'powershell' for command environment: Not usable outside of PowerShell
[2.637s] DEBUG:colcon.colcon_core.shell:Skip shell extension 'dsv' for command environment
[3.661s] INFO:colcon.colcon_core.task.python.build:Building Python package in '/mnt/c/Users/Alana/Documents/PS_Nautilus/ROS2A/src/sistema'
[3.684s] INFO:colcon.colcon_core.shell:Skip shell extension 'powershell' for command environment: Not usable outside of PowerShell
[3.684s] DEBUG:colcon.colcon_core.shell:Skip shell extension 'dsv' for command environment
[5.333s] DEBUG:colcon.colcon_core.event_handler.log_command:Invoking command in '/mnt/c/Users/Alana/Documents/PS_Nautilus/ROS2A/build/sistema': PYTHONPATH=/mnt/c/Users/Alana/Documents/PS_Nautilus/ROS2A/build/sistema/prefix_override:/mnt/c/Users/Alana/Documents/PS_Nautilus/ROS2A/install/sistema/lib/python3.10/site-packages:${PYTHONPATH} WSLENV=ELECTRON_RUN_AS_NODE/w: /usr/bin/python3 setup.py develop --editable --build-directory /mnt/c/Users/Alana/Documents/PS_Nautilus/ROS2A/build/sistema/build --no-deps install_data
[7.596s] Level 1:colcon.colcon_core.shell:create_environment_hook('sistema', 'pythonpath_develop')
[7.599s] DEBUG:colcon.colcon_core.event_handler.log_command:Invoked command in '/mnt/c/Users/Alana/Documents/PS_Nautilus/ROS2A/build/sistema' returned '0': PYTHONPATH=/mnt/c/Users/Alana/Documents/PS_Nautilus/ROS2A/build/sistema/prefix_override:/mnt/c/Users/Alana/Documents/PS_Nautilus/ROS2A/install/sistema/lib/python3.10/site-packages:${PYTHONPATH} WSLENV=ELECTRON_RUN_AS_NODE/w: /usr/bin/python3 setup.py develop --editable --build-directory /mnt/c/Users/Alana/Documents/PS_Nautilus/ROS2A/build/sistema/build --no-deps install_data
[7.634s] INFO:colcon.colcon_core.shell:Creating environment hook '/mnt/c/Users/Alana/Documents/PS_Nautilus/ROS2A/build/sistema/share/sistema/hook/pythonpath_develop.ps1'
[7.662s] INFO:colcon.colcon_core.shell:Creating environment descriptor '/mnt/c/Users/Alana/Documents/PS_Nautilus/ROS2A/build/sistema/share/sistema/hook/pythonpath_develop.dsv'
[7.691s] INFO:colcon.colcon_core.shell:Creating environment hook '/mnt/c/Users/Alana/Documents/PS_Nautilus/ROS2A/build/sistema/share/sistema/hook/pythonpath_develop.sh'
[7.781s] Level 1:colcon.colcon_core.environment:checking '/mnt/c/Users/Alana/Documents/PS_Nautilus/ROS2A/install/sistema' for CMake module files
[7.868s] Level 1:colcon.colcon_core.environment:checking '/mnt/c/Users/Alana/Documents/PS_Nautilus/ROS2A/install/sistema' for CMake config files
[7.979s] Level 1:colcon.colcon_core.environment:checking '/mnt/c/Users/Alana/Documents/PS_Nautilus/ROS2A/install/sistema/lib'
[7.986s] Level 1:colcon.colcon_core.environment:checking '/mnt/c/Users/Alana/Documents/PS_Nautilus/ROS2A/install/sistema/bin'
[7.987s] Level 1:colcon.colcon_core.environment:checking '/mnt/c/Users/Alana/Documents/PS_Nautilus/ROS2A/install/sistema/lib/pkgconfig/sistema.pc'
[7.990s] Level 1:colcon.colcon_core.environment:checking '/mnt/c/Users/Alana/Documents/PS_Nautilus/ROS2A/install/sistema/lib/python3.10/site-packages'
[7.994s] Level 1:colcon.colcon_core.shell:create_environment_hook('sistema', 'pythonpath')
[8.017s] INFO:colcon.colcon_core.shell:Creating environment hook '/mnt/c/Users/Alana/Documents/PS_Nautilus/ROS2A/install/sistema/share/sistema/hook/pythonpath.ps1'
[8.034s] INFO:colcon.colcon_core.shell:Creating environment descriptor '/mnt/c/Users/Alana/Documents/PS_Nautilus/ROS2A/install/sistema/share/sistema/hook/pythonpath.dsv'
[8.052s] INFO:colcon.colcon_core.shell:Creating environment hook '/mnt/c/Users/Alana/Documents/PS_Nautilus/ROS2A/install/sistema/share/sistema/hook/pythonpath.sh'
[8.071s] Level 1:colcon.colcon_core.environment:checking '/mnt/c/Users/Alana/Documents/PS_Nautilus/ROS2A/install/sistema/bin'
[8.073s] Level 1:colcon.colcon_core.environment:create_environment_scripts_only(sistema)
[8.093s] INFO:colcon.colcon_core.shell:Creating package script '/mnt/c/Users/Alana/Documents/PS_Nautilus/ROS2A/install/sistema/share/sistema/package.ps1'
[8.109s] INFO:colcon.colcon_core.shell:Creating package descriptor '/mnt/c/Users/Alana/Documents/PS_Nautilus/ROS2A/install/sistema/share/sistema/package.dsv'
[8.121s] INFO:colcon.colcon_core.shell:Creating package script '/mnt/c/Users/Alana/Documents/PS_Nautilus/ROS2A/install/sistema/share/sistema/package.sh'
[8.133s] INFO:colcon.colcon_core.shell:Creating package script '/mnt/c/Users/Alana/Documents/PS_Nautilus/ROS2A/install/sistema/share/sistema/package.bash'
[8.147s] INFO:colcon.colcon_core.shell:Creating package script '/mnt/c/Users/Alana/Documents/PS_Nautilus/ROS2A/install/sistema/share/sistema/package.zsh'
[8.163s] Level 1:colcon.colcon_core.environment:create_file_with_runtime_dependencies(/mnt/c/Users/Alana/Documents/PS_Nautilus/ROS2A/install/sistema/share/colcon-core/packages/sistema)
[8.174s] DEBUG:colcon.colcon_parallel_executor.executor.parallel:closing loop
[8.175s] DEBUG:colcon.colcon_parallel_executor.executor.parallel:loop closed
[8.176s] DEBUG:colcon.colcon_parallel_executor.executor.parallel:run_until_complete finished with '0'
[8.176s] DEBUG:colcon.colcon_core.event_reactor:joining thread
[8.270s] INFO:colcon.colcon_core.plugin_system:Skipping extension 'colcon_notification.desktop_notification.notify_send': Could not find 'notify-send'
[8.271s] INFO:colcon.colcon_core.plugin_system:Skipping extension 'colcon_notification.desktop_notification.terminal_notifier': Not used on non-Darwin systems
[8.271s] INFO:colcon.colcon_core.plugin_system:Skipping extension 'colcon_notification.desktop_notification.win32': Not used on non-Windows systems
[8.271s] INFO:colcon.colcon_notification.desktop_notification:Sending desktop notification using 'notify2'
[8.272s] DEBUG:colcon.colcon_notification.desktop_notification.notify2:Failed to initialize notify2: org.freedesktop.DBus.Error.FileNotFound: Failed to connect to socket /run/user/1000/bus: No such file or directory
[8.272s] DEBUG:colcon.colcon_core.event_reactor:joined thread
[8.292s] INFO:colcon.colcon_core.shell:Creating prefix script '/mnt/c/Users/Alana/Documents/PS_Nautilus/ROS2A/install/local_setup.ps1'
[8.299s] INFO:colcon.colcon_core.shell:Creating prefix util module '/mnt/c/Users/Alana/Documents/PS_Nautilus/ROS2A/install/_local_setup_util_ps1.py'
[8.307s] INFO:colcon.colcon_core.shell:Creating prefix chain script '/mnt/c/Users/Alana/Documents/PS_Nautilus/ROS2A/install/setup.ps1'
[8.345s] INFO:colcon.colcon_core.shell:Creating prefix script '/mnt/c/Users/Alana/Documents/PS_Nautilus/ROS2A/install/local_setup.sh'
[8.352s] INFO:colcon.colcon_core.shell:Creating prefix util module '/mnt/c/Users/Alana/Documents/PS_Nautilus/ROS2A/install/_local_setup_util_sh.py'
[8.359s] INFO:colcon.colcon_core.shell:Creating prefix chain script '/mnt/c/Users/Alana/Documents/PS_Nautilus/ROS2A/install/setup.sh'
[8.414s] INFO:colcon.colcon_core.shell:Creating prefix script '/mnt/c/Users/Alana/Documents/PS_Nautilus/ROS2A/install/local_setup.bash'
[8.420s] INFO:colcon.colcon_core.shell:Creating prefix chain script '/mnt/c/Users/Alana/Documents/PS_Nautilus/ROS2A/install/setup.bash'
[8.453s] INFO:colcon.colcon_core.shell:Creating prefix script '/mnt/c/Users/Alana/Documents/PS_Nautilus/ROS2A/install/local_setup.zsh'
[8.460s] INFO:colcon.colcon_core.shell:Creating prefix chain script '/mnt/c/Users/Alana/Documents/PS_Nautilus/ROS2A/install/setup.zsh'
