[2.810s] Invoking command in '/mnt/c/Users/Alana/Documents/PS_Nautilus/ROS2A/build/sistema': PYTHONPATH=/mnt/c/Users/Alana/Documents/PS_Nautilus/ROS2A/build/sistema/prefix_override:/mnt/c/Users/Alana/Documents/PS_Nautilus/ROS2A/install/sistema/lib/python3.10/site-packages:${PYTHONPATH} WSLENV=ELECTRON_RUN_AS_NODE/w: /usr/bin/python3 setup.py develop --editable --build-directory /mnt/c/Users/Alana/Documents/PS_Nautilus/ROS2A/build/sistema/build --no-deps install_data
[3.992s] running develop
[3.993s] /usr/lib/python3/dist-packages/setuptools/command/easy_install.py:158: EasyInstallDeprecationWarning: easy_install command is deprecated. Use build and pip and other standards-based tools.
[3.995s]   warnings.warn(
[3.996s] /usr/lib/python3/dist-packages/setuptools/command/install.py:34: SetuptoolsDeprecationWarning: setup.py install is deprecated. Use build and pip and other standards-based tools.
[3.998s]   warnings.warn(
[4.499s] running egg_info
[4.501s] writing sistema.egg-info/PKG-INFO
[4.508s] writing dependency_links to sistema.egg-info/dependency_links.txt
[4.513s] writing entry points to sistema.egg-info/entry_points.txt
[4.519s] writing requirements to sistema.egg-info/requires.txt
[4.522s] writing top-level names to sistema.egg-info/top_level.txt
[4.623s] reading manifest file 'sistema.egg-info/SOURCES.txt'
[4.789s] writing manifest file 'sistema.egg-info/SOURCES.txt'
[4.813s] running build_ext
[4.814s] Creating /mnt/c/Users/Alana/Documents/PS_Nautilus/ROS2A/install/sistema/lib/python3.10/site-packages/sistema.egg-link (link to .)
[4.860s] 
[4.862s] Installed /mnt/c/Users/Alana/Documents/PS_Nautilus/ROS2A/build/sistema
[4.867s] running install_data
[5.076s] Invoked command in '/mnt/c/Users/Alana/Documents/PS_Nautilus/ROS2A/build/sistema' returned '0': PYTHONPATH=/mnt/c/Users/Alana/Documents/PS_Nautilus/ROS2A/build/sistema/prefix_override:/mnt/c/Users/Alana/Documents/PS_Nautilus/ROS2A/install/sistema/lib/python3.10/site-packages:${PYTHONPATH} WSLENV=ELECTRON_RUN_AS_NODE/w: /usr/bin/python3 setup.py develop --editable --build-directory /mnt/c/Users/Alana/Documents/PS_Nautilus/ROS2A/build/sistema/build --no-deps install_data
