[1.834s] DEBUG:colcon:Command line arguments: ['/usr/bin/colcon', 'build', '--symlink-install']
[1.834s] DEBUG:colcon:Parsed command line arguments: Namespace(log_base=None, log_level=None, verb_name='build', build_base='build', install_base='install', merge_install=False, symlink_install=True, test_result_base=None, continue_on_error=False, executor='parallel', parallel_workers=16, event_handlers=None, ignore_user_meta=False, metas=['./colcon.meta'], base_paths=['.'], packages_ignore=None, packages_ignore_regex=None, paths=None, packages_up_to=None, packages_up_to_regex=None, packages_above=None, packages_above_and_dependencies=None, packages_above_depth=None, packages_select_by_dep=None, packages_skip_by_dep=None, packages_skip_up_to=None, packages_select_build_failed=False, packages_skip_build_finished=False, packages_select_test_failures=False, packages_skip_test_passed=False, packages_select=None, packages_skip=None, packages_select_regex=None, packages_skip_regex=None, packages_start=None, packages_end=None, allow_overriding=[], cmake_args=None, cmake_target=None, cmake_target_skip_unavailable=False, cmake_clean_cache=False, cmake_clean_first=False, cmake_force_configure=False, ament_cmake_args=None, catkin_cmake_args=None, catkin_skip_building_tests=False, verb_parser=<colcon_defaults.argument_parser.defaults.DefaultArgumentsDecorator object at 0x7ffa83b37b20>, verb_extension=<colcon_core.verb.build.BuildVerb object at 0x7ffa83f8b6a0>, main=<bound method BuildVerb.main of <colcon_core.verb.build.BuildVerb object at 0x7ffa83f8b6a0>>)
[1.950s] Level 1:colcon.colcon_core.package_discovery:discover_packages(colcon_meta) check parameters
[1.951s] Level 1:colcon.colcon_core.package_discovery:discover_packages(recursive) check parameters
[1.951s] Level 1:colcon.colcon_core.package_discovery:discover_packages(ignore) check parameters
[1.951s] Level 1:colcon.colcon_core.package_discovery:discover_packages(path) check parameters
[1.951s] Level 1:colcon.colcon_core.package_discovery:discover_packages(colcon_meta) discover
[1.952s] Level 1:colcon.colcon_core.package_discovery:discover_packages(recursive) discover
[1.952s] INFO:colcon.colcon_core.package_discovery:Crawling recursively for packages in '/mnt/c/Users/Alana/Documents/PS_Nautilus/ROS2A'
[1.954s] Level 1:colcon.colcon_core.package_identification:_identify(.) by extensions ['ignore', 'ignore_ament_install']
[1.954s] Level 1:colcon.colcon_core.package_identification:_identify(.) by extension 'ignore'
[1.955s] Level 1:colcon.colcon_core.package_identification:_identify(.) by extension 'ignore_ament_install'
[1.955s] Level 1:colcon.colcon_core.package_identification:_identify(.) by extensions ['colcon_pkg']
[1.956s] Level 1:colcon.colcon_core.package_identification:_identify(.) by extension 'colcon_pkg'
[1.956s] Level 1:colcon.colcon_core.package_identification:_identify(.) by extensions ['colcon_meta']
[1.956s] Level 1:colcon.colcon_core.package_identification:_identify(.) by extension 'colcon_meta'
[1.957s] Level 1:colcon.colcon_core.package_identification:_identify(.) by extensions ['ros']
[1.957s] Level 1:colcon.colcon_core.package_identification:_identify(.) by extension 'ros'
[1.973s] Level 1:colcon.colcon_core.package_identification:_identify(.) by extensions ['cmake', 'python']
[1.973s] Level 1:colcon.colcon_core.package_identification:_identify(.) by extension 'cmake'
[1.973s] Level 1:colcon.colcon_core.package_identification:_identify(.) by extension 'python'
[1.974s] Level 1:colcon.colcon_core.package_identification:_identify(.) by extensions ['python_setup_py']
[1.974s] Level 1:colcon.colcon_core.package_identification:_identify(.) by extension 'python_setup_py'
[1.978s] Level 1:colcon.colcon_core.package_identification:_identify(build) by extensions ['ignore', 'ignore_ament_install']
[1.978s] Level 1:colcon.colcon_core.package_identification:_identify(build) by extension 'ignore'
[1.980s] Level 1:colcon.colcon_core.package_identification:_identify(build) ignored
[1.983s] Level 1:colcon.colcon_core.package_identification:_identify(install) by extensions ['ignore', 'ignore_ament_install']
[1.983s] Level 1:colcon.colcon_core.package_identification:_identify(install) by extension 'ignore'
[1.985s] Level 1:colcon.colcon_core.package_identification:_identify(install) ignored
[1.990s] Level 1:colcon.colcon_core.package_identification:_identify(log) by extensions ['ignore', 'ignore_ament_install']
[1.990s] Level 1:colcon.colcon_core.package_identification:_identify(log) by extension 'ignore'
[1.991s] Level 1:colcon.colcon_core.package_identification:_identify(log) ignored
[1.993s] Level 1:colcon.colcon_core.package_identification:_identify(src) by extensions ['ignore', 'ignore_ament_install']
[1.993s] Level 1:colcon.colcon_core.package_identification:_identify(src) by extension 'ignore'
[1.994s] Level 1:colcon.colcon_core.package_identification:_identify(src) by extension 'ignore_ament_install'
[1.995s] Level 1:colcon.colcon_core.package_identification:_identify(src) by extensions ['colcon_pkg']
[1.995s] Level 1:colcon.colcon_core.package_identification:_identify(src) by extension 'colcon_pkg'
[1.996s] Level 1:colcon.colcon_core.package_identification:_identify(src) by extensions ['colcon_meta']
[1.996s] Level 1:colcon.colcon_core.package_identification:_identify(src) by extension 'colcon_meta'
[1.996s] Level 1:colcon.colcon_core.package_identification:_identify(src) by extensions ['ros']
[1.996s] Level 1:colcon.colcon_core.package_identification:_identify(src) by extension 'ros'
[1.998s] Level 1:colcon.colcon_core.package_identification:_identify(src) by extensions ['cmake', 'python']
[1.998s] Level 1:colcon.colcon_core.package_identification:_identify(src) by extension 'cmake'
[1.998s] Level 1:colcon.colcon_core.package_identification:_identify(src) by extension 'python'
[1.999s] Level 1:colcon.colcon_core.package_identification:_identify(src) by extensions ['python_setup_py']
[1.999s] Level 1:colcon.colcon_core.package_identification:_identify(src) by extension 'python_setup_py'
[2.002s] Level 1:colcon.colcon_core.package_identification:_identify(src/sistema) by extensions ['ignore', 'ignore_ament_install']
[2.002s] Level 1:colcon.colcon_core.package_identification:_identify(src/sistema) by extension 'ignore'
[2.003s] Level 1:colcon.colcon_core.package_identification:_identify(src/sistema) by extension 'ignore_ament_install'
[2.003s] Level 1:colcon.colcon_core.package_identification:_identify(src/sistema) by extensions ['colcon_pkg']
[2.003s] Level 1:colcon.colcon_core.package_identification:_identify(src/sistema) by extension 'colcon_pkg'
[2.004s] Level 1:colcon.colcon_core.package_identification:_identify(src/sistema) by extensions ['colcon_meta']
[2.004s] Level 1:colcon.colcon_core.package_identification:_identify(src/sistema) by extension 'colcon_meta'
[2.005s] Level 1:colcon.colcon_core.package_identification:_identify(src/sistema) by extensions ['ros']
[2.005s] Level 1:colcon.colcon_core.package_identification:_identify(src/sistema) by extension 'ros'
[2.013s] DEBUG:colcon.colcon_core.package_identification:Package 'src/sistema' with type 'ros.ament_python' and name 'sistema'
[2.013s] Level 1:colcon.colcon_core.package_discovery:discover_packages(recursive) using defaults
[2.013s] Level 1:colcon.colcon_core.package_discovery:discover_packages(ignore) discover
[2.013s] Level 1:colcon.colcon_core.package_discovery:discover_packages(ignore) using defaults
[2.013s] Level 1:colcon.colcon_core.package_discovery:discover_packages(path) discover
[2.014s] Level 1:colcon.colcon_core.package_discovery:discover_packages(path) using defaults
[2.184s] Level 1:colcon.colcon_core.package_discovery:discover_packages(prefix_path) check parameters
[2.185s] Level 1:colcon.colcon_core.package_discovery:discover_packages(prefix_path) discover
[2.266s] DEBUG:colcon.colcon_installed_package_information.package_discovery:Found 1 installed packages in /mnt/c/Users/Alana/Documents/PS_Nautilus/ROS2A/install
[2.286s] DEBUG:colcon.colcon_installed_package_information.package_discovery:Found 281 installed packages in /opt/ros/iron
[2.288s] Level 1:colcon.colcon_core.package_discovery:discover_packages(prefix_path) using defaults
[2.392s] Level 5:colcon.colcon_core.verb:set package 'sistema' build argument 'cmake_args' from command line to 'None'
[2.392s] Level 5:colcon.colcon_core.verb:set package 'sistema' build argument 'cmake_target' from command line to 'None'
[2.393s] Level 5:colcon.colcon_core.verb:set package 'sistema' build argument 'cmake_target_skip_unavailable' from command line to 'False'
[2.393s] Level 5:colcon.colcon_core.verb:set package 'sistema' build argument 'cmake_clean_cache' from command line to 'False'
[2.393s] Level 5:colcon.colcon_core.verb:set package 'sistema' build argument 'cmake_clean_first' from command line to 'False'
[2.394s] Level 5:colcon.colcon_core.verb:set package 'sistema' build argument 'cmake_force_configure' from command line to 'False'
[2.394s] Level 5:colcon.colcon_core.verb:set package 'sistema' build argument 'ament_cmake_args' from command line to 'None'
[2.394s] Level 5:colcon.colcon_core.verb:set package 'sistema' build argument 'catkin_cmake_args' from command line to 'None'
[2.394s] Level 5:colcon.colcon_core.verb:set package 'sistema' build argument 'catkin_skip_building_tests' from command line to 'False'
[2.395s] DEBUG:colcon.colcon_core.verb:Building package 'sistema' with the following arguments: {'ament_cmake_args': None, 'build_base': '/mnt/c/Users/Alana/Documents/PS_Nautilus/ROS2A/build/sistema', 'catkin_cmake_args': None, 'catkin_skip_building_tests': False, 'cmake_args': None, 'cmake_clean_cache': False, 'cmake_clean_first': False, 'cmake_force_configure': False, 'cmake_target': None, 'cmake_target_skip_unavailable': False, 'install_base': '/mnt/c/Users/Alana/Documents/PS_Nautilus/ROS2A/install/sistema', 'merge_install': False, 'path': '/mnt/c/Users/Alana/Documents/PS_Nautilus/ROS2A/src/sistema', 'symlink_install': True, 'test_result_base': None}
[2.414s] INFO:colcon.colcon_core.executor:Executing jobs using 'parallel' executor
[2.434s] DEBUG:colcon.colcon_parallel_executor.executor.parallel:run_until_complete
[2.435s] INFO:colcon.colcon_ros.task.ament_python.build:Building ROS package in '/mnt/c/Users/Alana/Documents/PS_Nautilus/ROS2A/src/sistema' with build type 'ament_python'
[2.435s] Level 1:colcon.colcon_core.shell:create_environment_hook('sistema', 'ament_prefix_path')
[2.470s] INFO:colcon.colcon_core.plugin_system:Skipping extension 'colcon_core.shell.bat': Not used on non-Windows systems
[2.471s] INFO:colcon.colcon_core.shell:Creating environment hook '/mnt/c/Users/Alana/Documents/PS_Nautilus/ROS2A/install/sistema/share/sistema/hook/ament_prefix_path.ps1'
[2.487s] INFO:colcon.colcon_core.shell:Creating environment descriptor '/mnt/c/Users/Alana/Documents/PS_Nautilus/ROS2A/install/sistema/share/sistema/hook/ament_prefix_path.dsv'
[2.506s] INFO:colcon.colcon_core.shell:Creating environment hook '/mnt/c/Users/Alana/Documents/PS_Nautilus/ROS2A/install/sistema/share/sistema/hook/ament_prefix_path.sh'
[2.544s] INFO:colcon.colcon_core.shell:Skip shell extension 'powershell' for command environment: Not usable outside of PowerShell
[2.544s] DEBUG:colcon.colcon_core.shell:Skip shell extension 'dsv' for command environment
[3.518s] INFO:colcon.colcon_core.task.python.build:Building Python package in '/mnt/c/Users/Alana/Documents/PS_Nautilus/ROS2A/src/sistema'
[3.538s] INFO:colcon.colcon_core.shell:Skip shell extension 'powershell' for command environment: Not usable outside of PowerShell
[3.538s] DEBUG:colcon.colcon_core.shell:Skip shell extension 'dsv' for command environment
[5.178s] DEBUG:colcon.colcon_core.event_handler.log_command:Invoking command in '/mnt/c/Users/Alana/Documents/PS_Nautilus/ROS2A/build/sistema': PYTHONPATH=/mnt/c/Users/Alana/Documents/PS_Nautilus/ROS2A/build/sistema/prefix_override:/mnt/c/Users/Alana/Documents/PS_Nautilus/ROS2A/install/sistema/lib/python3.10/site-packages:${PYTHONPATH} /usr/bin/python3 setup.py develop --editable --build-directory /mnt/c/Users/Alana/Documents/PS_Nautilus/ROS2A/build/sistema/build --no-deps install_data
[6.832s] Level 1:colcon.colcon_core.shell:create_environment_hook('sistema', 'pythonpath_develop')
[6.833s] DEBUG:colcon.colcon_core.event_handler.log_command:Invoked command in '/mnt/c/Users/Alana/Documents/PS_Nautilus/ROS2A/build/sistema' returned '0': PYTHONPATH=/mnt/c/Users/Alana/Documents/PS_Nautilus/ROS2A/build/sistema/prefix_override:/mnt/c/Users/Alana/Documents/PS_Nautilus/ROS2A/install/sistema/lib/python3.10/site-packages:${PYTHONPATH} /usr/bin/python3 setup.py develop --editable --build-directory /mnt/c/Users/Alana/Documents/PS_Nautilus/ROS2A/build/sistema/build --no-deps install_data
[6.851s] INFO:colcon.colcon_core.shell:Creating environment hook '/mnt/c/Users/Alana/Documents/PS_Nautilus/ROS2A/build/sistema/share/sistema/hook/pythonpath_develop.ps1'
[6.867s] INFO:colcon.colcon_core.shell:Creating environment descriptor '/mnt/c/Users/Alana/Documents/PS_Nautilus/ROS2A/build/sistema/share/sistema/hook/pythonpath_develop.dsv'
[6.885s] INFO:colcon.colcon_core.shell:Creating environment hook '/mnt/c/Users/Alana/Documents/PS_Nautilus/ROS2A/build/sistema/share/sistema/hook/pythonpath_develop.sh'
[6.934s] Level 1:colcon.colcon_core.environment:checking '/mnt/c/Users/Alana/Documents/PS_Nautilus/ROS2A/install/sistema' for CMake module files
[6.993s] Level 1:colcon.colcon_core.environment:checking '/mnt/c/Users/Alana/Documents/PS_Nautilus/ROS2A/install/sistema' for CMake config files
[7.091s] Level 1:colcon.colcon_core.environment:checking '/mnt/c/Users/Alana/Documents/PS_Nautilus/ROS2A/install/sistema/lib'
[7.096s] Level 1:colcon.colcon_core.environment:checking '/mnt/c/Users/Alana/Documents/PS_Nautilus/ROS2A/install/sistema/bin'
[7.098s] Level 1:colcon.colcon_core.environment:checking '/mnt/c/Users/Alana/Documents/PS_Nautilus/ROS2A/install/sistema/lib/pkgconfig/sistema.pc'
[7.100s] Level 1:colcon.colcon_core.environment:checking '/mnt/c/Users/Alana/Documents/PS_Nautilus/ROS2A/install/sistema/lib/python3.10/site-packages'
[7.104s] Level 1:colcon.colcon_core.shell:create_environment_hook('sistema', 'pythonpath')
[7.124s] INFO:colcon.colcon_core.shell:Creating environment hook '/mnt/c/Users/Alana/Documents/PS_Nautilus/ROS2A/install/sistema/share/sistema/hook/pythonpath.ps1'
[7.141s] INFO:colcon.colcon_core.shell:Creating environment descriptor '/mnt/c/Users/Alana/Documents/PS_Nautilus/ROS2A/install/sistema/share/sistema/hook/pythonpath.dsv'
[7.159s] INFO:colcon.colcon_core.shell:Creating environment hook '/mnt/c/Users/Alana/Documents/PS_Nautilus/ROS2A/install/sistema/share/sistema/hook/pythonpath.sh'
[7.177s] Level 1:colcon.colcon_core.environment:checking '/mnt/c/Users/Alana/Documents/PS_Nautilus/ROS2A/install/sistema/bin'
[7.179s] Level 1:colcon.colcon_core.environment:create_environment_scripts_only(sistema)
[7.199s] INFO:colcon.colcon_core.shell:Creating package script '/mnt/c/Users/Alana/Documents/PS_Nautilus/ROS2A/install/sistema/share/sistema/package.ps1'
[7.214s] INFO:colcon.colcon_core.shell:Creating package descriptor '/mnt/c/Users/Alana/Documents/PS_Nautilus/ROS2A/install/sistema/share/sistema/package.dsv'
[7.230s] INFO:colcon.colcon_core.shell:Creating package script '/mnt/c/Users/Alana/Documents/PS_Nautilus/ROS2A/install/sistema/share/sistema/package.sh'
[7.246s] INFO:colcon.colcon_core.shell:Creating package script '/mnt/c/Users/Alana/Documents/PS_Nautilus/ROS2A/install/sistema/share/sistema/package.bash'
[7.262s] INFO:colcon.colcon_core.shell:Creating package script '/mnt/c/Users/Alana/Documents/PS_Nautilus/ROS2A/install/sistema/share/sistema/package.zsh'
[7.278s] Level 1:colcon.colcon_core.environment:create_file_with_runtime_dependencies(/mnt/c/Users/Alana/Documents/PS_Nautilus/ROS2A/install/sistema/share/colcon-core/packages/sistema)
[7.291s] DEBUG:colcon.colcon_parallel_executor.executor.parallel:closing loop
[7.291s] DEBUG:colcon.colcon_parallel_executor.executor.parallel:loop closed
[7.292s] DEBUG:colcon.colcon_parallel_executor.executor.parallel:run_until_complete finished with '0'
[7.292s] DEBUG:colcon.colcon_core.event_reactor:joining thread
[7.369s] INFO:colcon.colcon_core.plugin_system:Skipping extension 'colcon_notification.desktop_notification.notify_send': Could not find 'notify-send'
[7.369s] INFO:colcon.colcon_core.plugin_system:Skipping extension 'colcon_notification.desktop_notification.terminal_notifier': Not used on non-Darwin systems
[7.369s] INFO:colcon.colcon_core.plugin_system:Skipping extension 'colcon_notification.desktop_notification.win32': Not used on non-Windows systems
[7.370s] INFO:colcon.colcon_notification.desktop_notification:Sending desktop notification using 'notify2'
[7.370s] DEBUG:colcon.colcon_notification.desktop_notification.notify2:Failed to initialize notify2: org.freedesktop.DBus.Error.FileNotFound: Failed to connect to socket /run/user/1000/bus: No such file or directory
[7.371s] DEBUG:colcon.colcon_core.event_reactor:joined thread
[7.392s] INFO:colcon.colcon_core.shell:Creating prefix script '/mnt/c/Users/Alana/Documents/PS_Nautilus/ROS2A/install/local_setup.ps1'
[7.401s] INFO:colcon.colcon_core.shell:Creating prefix util module '/mnt/c/Users/Alana/Documents/PS_Nautilus/ROS2A/install/_local_setup_util_ps1.py'
[7.408s] INFO:colcon.colcon_core.shell:Creating prefix chain script '/mnt/c/Users/Alana/Documents/PS_Nautilus/ROS2A/install/setup.ps1'
[7.448s] INFO:colcon.colcon_core.shell:Creating prefix script '/mnt/c/Users/Alana/Documents/PS_Nautilus/ROS2A/install/local_setup.sh'
[7.454s] INFO:colcon.colcon_core.shell:Creating prefix util module '/mnt/c/Users/Alana/Documents/PS_Nautilus/ROS2A/install/_local_setup_util_sh.py'
[7.461s] INFO:colcon.colcon_core.shell:Creating prefix chain script '/mnt/c/Users/Alana/Documents/PS_Nautilus/ROS2A/install/setup.sh'
[7.517s] INFO:colcon.colcon_core.shell:Creating prefix script '/mnt/c/Users/Alana/Documents/PS_Nautilus/ROS2A/install/local_setup.bash'
[7.524s] INFO:colcon.colcon_core.shell:Creating prefix chain script '/mnt/c/Users/Alana/Documents/PS_Nautilus/ROS2A/install/setup.bash'
[7.561s] INFO:colcon.colcon_core.shell:Creating prefix script '/mnt/c/Users/Alana/Documents/PS_Nautilus/ROS2A/install/local_setup.zsh'
[7.567s] INFO:colcon.colcon_core.shell:Creating prefix chain script '/mnt/c/Users/Alana/Documents/PS_Nautilus/ROS2A/install/setup.zsh'
