[1.695s] Invoking command in '/mnt/c/Users/Alana/Documents/PS_Nautilus/ROS2A/build/sistema': PYTHONPATH=/mnt/c/Users/Alana/Documents/PS_Nautilus/ROS2A/build/sistema/prefix_override:/mnt/c/Users/Alana/Documents/PS_Nautilus/ROS2A/install/sistema/lib/python3.10/site-packages:${PYTHONPATH} WSLENV=ELECTRON_RUN_AS_NODE/w: /usr/bin/python3 setup.py develop --editable --build-directory /mnt/c/Users/Alana/Documents/PS_Nautilus/ROS2A/build/sistema/build --no-deps install_data
[2.673s] running develop
[2.675s] /usr/lib/python3/dist-packages/setuptools/command/easy_install.py:158: EasyInstallDeprecationWarning: easy_install command is deprecated. Use build and pip and other standards-based tools.
[2.676s]   warnings.warn(
[2.677s] /usr/lib/python3/dist-packages/setuptools/command/install.py:34: SetuptoolsDeprecationWarning: setup.py install is deprecated. Use build and pip and other standards-based tools.
[2.679s]   warnings.warn(
[2.949s] running egg_info
[2.950s] creating sistema.egg-info
[2.951s] writing sistema.egg-info/PKG-INFO
[2.959s] writing dependency_links to sistema.egg-info/dependency_links.txt
[2.964s] writing entry points to sistema.egg-info/entry_points.txt
[2.968s] writing requirements to sistema.egg-info/requires.txt
[2.971s] writing top-level names to sistema.egg-info/top_level.txt
[2.975s] writing manifest file 'sistema.egg-info/SOURCES.txt'
[3.056s] reading manifest file 'sistema.egg-info/SOURCES.txt'
[3.133s] writing manifest file 'sistema.egg-info/SOURCES.txt'
[3.149s] running build_ext
[3.150s] Creating /mnt/c/Users/Alana/Documents/PS_Nautilus/ROS2A/install/sistema/lib/python3.10/site-packages/sistema.egg-link (link to .)
[3.181s] 
[3.182s] Installed /mnt/c/Users/Alana/Documents/PS_Nautilus/ROS2A/build/sistema
[3.185s] running install_data
[3.194s] creating /mnt/c/Users/Alana/Documents/PS_Nautilus/ROS2A/install/sistema/share/ament_index
[3.196s] creating /mnt/c/Users/Alana/Documents/PS_Nautilus/ROS2A/install/sistema/share/ament_index/resource_index
[3.200s] creating /mnt/c/Users/Alana/Documents/PS_Nautilus/ROS2A/install/sistema/share/ament_index/resource_index/packages
[3.218s] copying resource/sistema -> /mnt/c/Users/Alana/Documents/PS_Nautilus/ROS2A/install/sistema/share/ament_index/resource_index/packages
[3.255s] copying package.xml -> /mnt/c/Users/Alana/Documents/PS_Nautilus/ROS2A/install/sistema/share/sistema
[3.279s] creating /mnt/c/Users/Alana/Documents/PS_Nautilus/ROS2A/install/sistema/share/sistema/launch
[3.295s] copying launch/launch.py -> /mnt/c/Users/Alana/Documents/PS_Nautilus/ROS2A/install/sistema/share/sistema/launch
[3.325s] creating /mnt/c/Users/Alana/Documents/PS_Nautilus/ROS2A/install/sistema/share/sistema/config
[3.342s] copying config/param.yaml -> /mnt/c/Users/Alana/Documents/PS_Nautilus/ROS2A/install/sistema/share/sistema/config
[3.401s] Invoked command in '/mnt/c/Users/Alana/Documents/PS_Nautilus/ROS2A/build/sistema' returned '0': PYTHONPATH=/mnt/c/Users/Alana/Documents/PS_Nautilus/ROS2A/build/sistema/prefix_override:/mnt/c/Users/Alana/Documents/PS_Nautilus/ROS2A/install/sistema/lib/python3.10/site-packages:${PYTHONPATH} WSLENV=ELECTRON_RUN_AS_NODE/w: /usr/bin/python3 setup.py develop --editable --build-directory /mnt/c/Users/Alana/Documents/PS_Nautilus/ROS2A/build/sistema/build --no-deps install_data
